【2014-11-05 15:43:18】-<还款>:#总耗时：0.047秒#
【2014-11-05 15:43:18】-<资金统计>:#总耗时：0.031秒#
【2014-11-05 15:43:18】-<流量统计>:#总耗时：0.031秒#
【2014-11-05 15:43:18】-<过期红包>:#总耗时：0.032秒#
【2014-11-05 15:44:18】-<还款>:#总耗时：0.032秒#
【2014-11-05 15:44:18】-<资金统计>:#总耗时：0.031秒#
【2014-11-05 15:44:18】-<流量统计>:#总耗时：0.031秒#
【2014-11-05 15:44:18】-<过期红包>:#总耗时：0.016秒#
【2014-11-05 15:51:19】-<资金统计>:finish sys_account more time today#总耗时：0.062秒#
【2014-11-05 15:52:47】-<还款>:finish 386 repays success#总耗时：3.406秒#
【2014-11-05 15:52:47】-<资金统计>:finish sys_account more time today#总耗时：0.015秒#
【2014-11-05 15:53:18】-<还款>:no deal need repay or finish repay more time today#总耗时：0.047秒#
【2014-11-05 15:53:18】-<资金统计>:finish sys_account more time today#总耗时：0.015秒#
【2014-11-05 15:53:18】-<流量统计>:finish sys_visit more time today#总耗时：0.016秒#
【2014-11-05 15:54:18】-<还款>:no deal need repay or finish repay more time today#总耗时：0.031秒#
【2014-11-05 15:54:18】-<资金统计>:finish sys_account more time today#总耗时：0.032秒#
【2014-11-05 15:54:18】-<流量统计>:finish sys_visit more time today#总耗时：0.031秒#
【2014-11-05 15:58:16】-<还款>:no deal need repay or finish repay more time today#总耗时：0.047秒#
【2014-11-05 15:58:16】-<资金统计>:finish sys_account more time today#总耗时：0.031秒#
【2014-11-05 15:58:16】-<流量统计>:finish sys_visit more time today#总耗时：0.047秒#
【2014-11-05 15:58:16】-<过期红包>:no bonus need to be overdue or finish bonus_overdue more time today#总耗时：0.016秒#
【2014-11-05 16:03:14】-<还款>:no deal need repay or finish repay more time today#总耗时：0.063秒#
【2014-11-05 16:03:14】-<资金统计>:finish sys_account more time today#总耗时：0.031秒#
【2014-11-05 16:03:14】-<流量统计>:finish sys_visit more time today#总耗时：0.015秒#
【2014-11-05 16:03:14】-<过期红包>:no bonus need to be overdue or finish bonus_overdue more time today#总耗时：0.015秒#
【2014-11-05 16:04:07】-<还款>:no deal need repay or finish repay more time today#总耗时：0.125秒#
【2014-11-05 16:04:07】-<资金统计>:finish sys_account more time today#总耗时：0.046秒#
【2014-11-05 16:04:07】-<流量统计>:finish sys_visit more time today#总耗时：0.032秒#
【2014-11-05 16:04:07】-<过期红包>:no bonus need to be overdue or finish bonus_overdue more time today#总耗时：0.031秒#
【2014-11-05 17:42:00】-<还款>:no deal need repay or finish repay more time today#总耗时：0.047秒#
【2014-11-05 17:42:19】-<资金统计>:finish sys_account success#总耗时：19.594秒#
【2014-11-05 17:42:20】-<流量统计>:finish sys_visit success#总耗时：0.515秒#
【2014-11-05 17:42:20】-<过期红包>:no bonus need to be overdue or finish bonus_overdue more time today#总耗时：0.031秒#


*********************************2014-11-06***********************************
【2014-11-06 11:24:21】-<还款>:finish 19 repays success#总耗时：0.187秒#


*********************************2014-11-06***********************************
【2014-11-06 11:24:33】-<资金统计>:finish sys_account success#总耗时：11.984秒#


*********************************2014-11-06***********************************
【2014-11-06 11:24:33】-<流量统计>:finish sys_visit more time today#总耗时：0.032秒#


*********************************2014-11-06***********************************
【2014-11-06 11:24:33】-<过期红包>:no bonus need to be overdue or finish bonus_overdue more time today#总耗时：0.031秒#
【2014-11-06 11:25:52】-<还款>:no deal need repay or finish repay more time today#总耗时：0.047秒#
【2014-11-06 11:25:52】-<资金统计>:finish sys_account more time today#总耗时：0.032秒#
【2014-11-06 11:25:52】-<流量统计>:finish sys_visit more time today#总耗时：0.031秒#
【2014-11-06 11:25:52】-<过期红包>:finish bonus_overdue success#总耗时：0.062秒#


*********************************2014-11-07***********************************
【2014-11-07 08:56:16】-<还款>:no deal need repay or finish repay more time today#总耗时：0.062秒#


*********************************2014-11-07***********************************
【2014-11-07 08:56:29】-<资金统计>:finish sys_account success#总耗时：13.735秒#


*********************************2014-11-07***********************************
【2014-11-07 08:56:30】-<流量统计>:finish sys_visit success#总耗时：0.078秒#


*********************************2014-11-07***********************************
【2014-11-07 08:56:30】-<过期红包>:no bonus need to be overdue or finish bonus_overdue more time today#总耗时：0.031秒#
【2014-11-07 09:51:19】-<还款>:no deal need repay or finish repay more time today#总耗时：0.062秒#
【2014-11-07 09:51:19】-<流量统计>:finish sys_visit more time today#总耗时：0.031秒#
【2014-11-07 09:51:19】-<过期红包>:no bonus need to be overdue or finish bonus_overdue more time today#总耗时：0.032秒#
【2014-11-07 09:51:19】-<资金统计>:finish sys_account more time today#总耗时：0.031秒#
【2014-11-07 09:55:35】-<还款>:no deal need repay or finish repay more time today#总耗时：0.031秒#
【2014-11-07 09:55:35】-<流量统计>:finish sys_visit more time today#总耗时：0.047秒#
【2014-11-07 09:55:35】-<过期红包>:no bonus need to be overdue or finish bonus_overdue more time today#总耗时：0.031秒#
【2014-11-07 09:55:35】-<资金统计>:finish sys_account more time today#总耗时：0.032秒#
【2014-11-07 09:58:48】-<还款>:no deal need repay or finish repay more time today#总耗时：0.562秒#
【2014-11-07 09:58:48】-<流量统计>:finish sys_visit more time today#总耗时：0.156秒#
【2014-11-07 09:58:48】-<过期红包>:no bonus need to be overdue or finish bonus_overdue more time today#总耗时：0.188秒#
【2014-11-07 09:58:48】-<资金统计>:finish sys_account more time today#总耗时：0.234秒#
【2014-11-07 10:00:00】-<还款>:no deal need repay or finish repay more time today#总耗时：0.032秒#
【2014-11-07 10:00:00】-<流量统计>:0\r\nfinish sys_visit success#总耗时：0.593秒#
【2014-11-07 10:00:00】-<过期红包>:no bonus need to be overdue or finish bonus_overdue more time today#总耗时：0.032秒#
【2014-11-07 10:00:01】-<资金统计>:finish sys_account more time today#总耗时：0.031秒#
【2014-11-07 11:26:06】-<还款>:no deal need repay or finish repay more time today#总耗时：0.031秒#
【2014-11-07 11:26:07】-<流量统计>:finish sys_visit success#总耗时：0.562秒#
【2014-11-07 11:26:07】-<过期红包>:no bonus need to be overdue or finish bonus_overdue more time today#总耗时：0.032秒#
【2014-11-07 11:26:07】-<资金统计>:finish sys_account more time today#总耗时：0.031秒#
【2014-11-07 14:19:12】-<还款>:finish 2 repays success#总耗时：1.656秒#
【2014-11-07 14:19:13】-<流量统计>:finish sys_visit success#总耗时：1.328秒#
【2014-11-07 14:19:14】-<过期红包>:no bonus need to be overdue or finish bonus_overdue more time today#总耗时：1.141秒#
【2014-11-07 14:19:16】-<资金统计>:finish sys_account more time today#总耗时：1.156秒#
【2014-11-07 16:18:41】-<还款>:finish 2 repays success#总耗时：1.218秒#
【2014-11-07 16:18:42】-<流量统计>:finish sys_visit success#总耗时：1.266秒#
【2014-11-07 16:18:44】-<过期红包>:no bonus need to be overdue or finish bonus_overdue more time today#总耗时：1.25秒#
【2014-11-07 16:18:45】-<资金统计>:finish sys_account more time today#总耗时：1.156秒#
【2014-11-07 16:21:30】-<还款>:finish 2 repays success#总耗时：1.187秒#
【2014-11-07 16:21:31】-<流量统计>:<pre>Array
(
    [0] => Array
        (
            [ref_domain] => 直接访问
            [iv] => 1
            [pv] => 1
            [tgarr] => Array
                (
                    [0] => 
                )

            [wwwarr] => Array
                (
                    [0] => 直接访问
                )

            [reg_num] => 1
            [tz_num] => 0
            [tz_money] => 0.00元
            [iparr] => Array
                (
                    [0] => 127.0.0.1
                )

            [tg_count] => Array
                (
                    [0] => Array
                        (
                            [tg] => 
                            [iv] => 1
                            [pv] => 1
                            [reg_num] => 1
                            [tz_num] => 0
                            [tz_money] => 0.00元
                            [iparr] => Array
                                (
                                    [0] => 127.0.0.1
                                )

                        )

                )

            [www_count] => Array
                (
                    [0] => Array
                        (
                            [www] => 直接访问
                            [iv] => 1
                            [pv] => 1
                            [reg_num] => 1
                            [tz_num] => 0
                            [tz_money] => 0.00元
                            [iparr] => Array
                                (
                                    [0] => 127.0.0.1
                                )

                        )

                )

            [tg_num] => 1
            [tg_rowspan] => 2
            [www_rowspan] => 2
        )

)
</pre>#总耗时：1.203秒#
【2014-11-07 16:21:32】-<过期红包>:no bonus need to be overdue or finish bonus_overdue more time today#总耗时：1.11秒#
【2014-11-07 16:21:33】-<资金统计>:finish sys_account more time today#总耗时：1.25秒#
【2014-11-07 16:22:45】-<还款>:finish 2 repays success#总耗时：1.188秒#
【2014-11-07 16:22:46】-<流量统计>:finish sys_visit success#总耗时：1.265秒#
【2014-11-07 16:22:48】-<过期红包>:no bonus need to be overdue or finish bonus_overdue more time today#总耗时：1.156秒#
【2014-11-07 16:22:49】-<资金统计>:finish sys_account more time today#总耗时：1.172秒#
【2014-11-07 16:25:42】-<还款>:finish 2 repays success#总耗时：1.219秒#
【2014-11-07 16:25:44】-<流量统计>:finish sys_visit success#总耗时：1.469秒#
【2014-11-07 16:25:45】-<过期红包>:no bonus need to be overdue or finish bonus_overdue more time today#总耗时：1.172秒#
【2014-11-07 16:25:46】-<资金统计>:finish sys_account more time today#总耗时：1.156秒#
【2014-11-07 16:26:01】-<还款>:finish 2 repays success#总耗时：1.171秒#
【2014-11-07 16:26:02】-<流量统计>:finish sys_visit more time today#总耗时：1.141秒#
【2014-11-07 16:26:03】-<过期红包>:no bonus need to be overdue or finish bonus_overdue more time today#总耗时：1.188秒#
【2014-11-07 16:26:04】-<资金统计>:finish sys_account more time today#总耗时：1.125秒#
【2014-11-07 16:27:23】-<还款>:<pre>Array
(
    [0] => Array
        (
            [id] => 2322
            [deal_id] => 63
            [user_id] => 24
            [self_money] => 100000.00
            [repay_money] => 0.00
            [load_money] => 0.00
            [manage_money] => 0.00
            [impose_money] => 0.00
            [start_time] => 0
            [repay_time] => 0
            [true_repay_time] => 0
            [status] => 4
            [is_site_repay] => 0
            [deal_load_id] => 461
        )

    [1] => Array
        (
            [id] => 2318
            [deal_id] => 63
            [user_id] => 1
            [self_money] => 100000.00
            [repay_money] => 0.00
            [load_money] => 0.00
            [manage_money] => 0.00
            [impose_money] => 0.00
            [start_time] => 0
            [repay_time] => 0
            [true_repay_time] => 0
            [status] => 4
            [is_site_repay] => 0
            [deal_load_id] => 457
        )

)
</pre>finish 2 repays success#总耗时：1.187秒#
【2014-11-07 16:27:24】-<流量统计>:finish sys_visit more time today#总耗时：1.156秒#
【2014-11-07 16:27:25】-<过期红包>:no bonus need to be overdue or finish bonus_overdue more time today#总耗时：1.157秒#
【2014-11-07 16:27:26】-<资金统计>:finish sys_account more time today#总耗时：1.156秒#


*********************************2014-11-08***********************************
【2014-11-08 10:05:32】-<还款>:#总耗时：0.062秒#


*********************************2014-11-08***********************************
【2014-11-08 10:05:32】-<流量统计>:#总耗时：0.016秒#


*********************************2014-11-08***********************************
【2014-11-08 10:05:32】-<过期红包>:#总耗时：0.031秒#


*********************************2014-11-08***********************************
【2014-11-08 10:05:32】-<资金统计>:#总耗时：0.031秒#
【2014-11-08 10:05:53】-<还款>:#总耗时：0.031秒#
【2014-11-08 10:05:53】-<流量统计>:#总耗时：0.032秒#
【2014-11-08 10:05:53】-<过期红包>:#总耗时：0.031秒#
【2014-11-08 10:05:54】-<资金统计>:#总耗时：0.031秒#
【2014-11-08 10:06:48】-<还款>:#总耗时：0.047秒#
【2014-11-08 10:06:48】-<流量统计>:#总耗时：0.032秒#
【2014-11-08 10:06:48】-<过期红包>:#总耗时：0.015秒#
【2014-11-08 10:06:48】-<资金统计>:#总耗时：0.047秒#
【2014-11-08 10:09:07】-<还款>:no deal need repay or finish repay more time today#总耗时：0.047秒#
【2014-11-08 10:09:08】-<流量统计>:finish sys_visit success#总耗时：0.5秒#
【2014-11-08 10:09:08】-<过期红包>:no bonus need to be overdue or finish bonus_overdue more time today#总耗时：0.032秒#
【2014-11-08 10:09:26】-<资金统计>:finish sys_account success#总耗时：18.375秒#


*********************************2014-11-10***********************************
【2014-11-10 09:18:21】-<还款>:no deal need repay or finish repay more time today#总耗时：0.047秒#


*********************************2014-11-10***********************************
【2014-11-10 09:18:21】-<流量统计>:finish sys_visit more time today#总耗时：0.031秒#


*********************************2014-11-10***********************************
【2014-11-10 09:18:21】-<过期红包>:no bonus need to be overdue or finish bonus_overdue more time today#总耗时：0.032秒#


*********************************2014-11-10***********************************
【2014-11-10 09:18:21】-<资金统计>:finish sys_account more time today#总耗时：0.031秒#
【2014-11-10 10:47:41】-<还款>:no deal need repay or finish repay more time today#总耗时：0.234秒#
【2014-11-10 10:47:41】-<流量统计>:finish sys_visit more time today#总耗时：0.031秒#
【2014-11-10 10:47:41】-<过期红包>:no bonus need to be overdue or finish bonus_overdue more time today#总耗时：0.016秒#
【2014-11-10 10:47:41】-<资金统计>:finish sys_account more time today#总耗时：0.031秒#
【2014-11-10 11:24:36】-<还款>:no deal need repay or finish repay more time today#总耗时：0.047秒#
【2014-11-10 11:24:36】-<流量统计>:finish sys_visit success#总耗时：0.484秒#
【2014-11-10 11:24:36】-<过期红包>:no bonus need to be overdue or finish bonus_overdue more time today#总耗时：0.031秒#
【2014-11-10 11:24:36】-<资金统计>:finish sys_account more time today#总耗时：0.032秒#
【2014-11-10 11:26:46】-<还款>:no deal need repay or finish repay more time today#总耗时：0.047秒#
【2014-11-10 11:26:46】-<流量统计>:finish sys_visit success#总耗时：0.312秒#
【2014-11-10 11:26:46】-<过期红包>:no bonus need to be overdue or finish bonus_overdue more time today#总耗时：0.032秒#
【2014-11-10 11:26:46】-<资金统计>:finish sys_account more time today#总耗时：0.031秒#
【2014-11-10 11:28:55】-<还款>:no deal need repay or finish repay more time today#总耗时：0.047秒#
【2014-11-10 11:28:55】-<流量统计>:finish sys_visit success#总耗时：0.484秒#
【2014-11-10 11:28:55】-<过期红包>:no bonus need to be overdue or finish bonus_overdue more time today#总耗时：0.016秒#
【2014-11-10 11:28:55】-<资金统计>:finish sys_account more time today#总耗时：0.015秒#
【2014-11-10 11:30:30】-<还款>:no deal need repay or finish repay more time today#总耗时：0.032秒#
【2014-11-10 11:30:31】-<流量统计>:finish sys_visit success#总耗时：0.547秒#
【2014-11-10 11:30:31】-<过期红包>:no bonus need to be overdue or finish bonus_overdue more time today#总耗时：0.031秒#
【2014-11-10 11:30:31】-<资金统计>:finish sys_account more time today#总耗时：0.031秒#
【2014-11-10 13:19:57】-<还款>:no deal need repay or finish repay more time today#总耗时：0.031秒#
【2014-11-10 13:19:57】-<流量统计>:finish sys_visit more time today#总耗时：0.015秒#
【2014-11-10 13:19:57】-<过期红包>:no bonus need to be overdue or finish bonus_overdue more time today#总耗时：0.032秒#
【2014-11-10 13:19:57】-<资金统计>:finish sys_account more time today#总耗时：0.031秒#
【2014-11-10 13:20:32】-<还款>:no deal need repay or finish repay more time today#总耗时：0.046秒#
【2014-11-10 13:20:33】-<流量统计>:finish sys_visit success#总耗时：0.594秒#
【2014-11-10 13:20:33】-<过期红包>:no bonus need to be overdue or finish bonus_overdue more time today#总耗时：0.015秒#
【2014-11-10 13:20:33】-<资金统计>:finish sys_account more time today#总耗时：0.032秒#
【2014-11-10 13:20:55】-<还款>:no deal need repay or finish repay more time today#总耗时：0.235秒#
【2014-11-10 13:20:55】-<流量统计>:finish sys_visit success#总耗时：0.563秒#
【2014-11-10 13:20:55】-<过期红包>:no bonus need to be overdue or finish bonus_overdue more time today#总耗时：0.078秒#
【2014-11-10 13:20:56】-<资金统计>:finish sys_account more time today#总耗时：0.734秒#
【2014-11-10 13:21:20】-<还款>:no deal need repay or finish repay more time today#总耗时：0.031秒#
【2014-11-10 13:21:21】-<流量统计>:finish sys_visit success#总耗时：0.469秒#
【2014-11-10 13:21:21】-<过期红包>:no bonus need to be overdue or finish bonus_overdue more time today#总耗时：0.016秒#
【2014-11-10 13:21:21】-<资金统计>:finish sys_account more time today#总耗时：0.032秒#
【2014-11-10 13:21:44】-<还款>:no deal need repay or finish repay more time today#总耗时：0.047秒#
【2014-11-10 13:21:44】-<流量统计>:finish sys_visit success#总耗时：0.266秒#
【2014-11-10 13:21:44】-<过期红包>:no bonus need to be overdue or finish bonus_overdue more time today#总耗时：0.031秒#
【2014-11-10 13:21:44】-<资金统计>:finish sys_account more time today#总耗时：0.047秒#
【2014-11-10 13:22:03】-<还款>:no deal need repay or finish repay more time today#总耗时：0.031秒#
【2014-11-10 13:22:04】-<流量统计>:finish sys_visit success#总耗时：0.282秒#
【2014-11-10 13:22:04】-<过期红包>:no bonus need to be overdue or finish bonus_overdue more time today#总耗时：0.015秒#
【2014-11-10 13:22:04】-<资金统计>:finish sys_account more time today#总耗时：0.016秒#
【2014-11-10 13:50:50】-<还款>:no deal need repay or finish repay more time today#总耗时：0.047秒#
【2014-11-10 13:50:50】-<流量统计>:finish sys_visit more time today#总耗时：0.032秒#
【2014-11-10 13:50:50】-<过期红包>:no bonus need to be overdue or finish bonus_overdue more time today#总耗时：0.031秒#
【2014-11-10 13:50:50】-<资金统计>:finish sys_account more time today#总耗时：0.015秒#
【2014-11-10 13:51:18】-<还款>:no deal need repay or finish repay more time today#总耗时：0.032秒#
【2014-11-10 13:51:18】-<流量统计>:finish sys_visit success#总耗时：0.219秒#
【2014-11-10 13:51:18】-<过期红包>:no bonus need to be overdue or finish bonus_overdue more time today#总耗时：0.016秒#
【2014-11-10 13:51:18】-<资金统计>:finish sys_account more time today#总耗时：0.031秒#


*********************************2014-11-11***********************************
【2014-11-11 09:00:24】-<还款>:finish 28 repays success#总耗时：0.266秒#


*********************************2014-11-11***********************************
【2014-11-11 09:00:24】-<流量统计>:finish sys_visit more time today#总耗时：0.031秒#


*********************************2014-11-11***********************************
【2014-11-11 09:00:25】-<过期红包>:finish bonus_overdue success#总耗时：0.828秒#


*********************************2014-11-11***********************************
【2014-11-11 09:00:42】-<资金统计>:finish sys_account success#总耗时：16.922秒#
【2014-11-11 09:50:03】-<还款>:no deal need repay or finish repay more time today#总耗时：0.047秒#
【2014-11-11 09:50:03】-<流量统计>:finish sys_visit more time today#总耗时：0.032秒#
【2014-11-11 09:50:03】-<过期红包>:no bonus need to be overdue or finish bonus_overdue more time today#总耗时：0.031秒#
【2014-11-11 09:50:03】-<资金统计>:finish sys_account more time today#总耗时：0.031秒#
【2014-11-11 09:50:59】-<还款>:no deal need repay or finish repay more time today#总耗时：0.063秒#
【2014-11-11 09:51:00】-<流量统计>:finish sys_visit success#总耗时：0.453秒#
【2014-11-11 09:51:00】-<过期红包>:no bonus need to be overdue or finish bonus_overdue more time today#总耗时：0.031秒#
【2014-11-11 09:51:00】-<资金统计>:finish sys_account more time today#总耗时：0.031秒#


*********************************2014-11-14***********************************
【2014-11-14 09:22:47】-<还款>:no deal need repay or finish repay more time today#总耗时：0.062秒#


*********************************2014-11-14***********************************
【2014-11-14 09:22:47】-<流量统计>:finish sys_visit more time today#总耗时：0.032秒#


*********************************2014-11-14***********************************
【2014-11-14 09:22:47】-<过期红包>:no bonus need to be overdue or finish bonus_overdue more time today#总耗时：0.031秒#


*********************************2014-11-14***********************************
【2014-11-14 09:22:47】-<资金统计>:finish sys_account more time today#总耗时：0.031秒#


*********************************2014-11-17***********************************
【2014-11-17 09:06:27】-<还款>:finish 58 repays success#总耗时：0.453秒#


*********************************2014-11-17***********************************
【2014-11-17 09:06:27】-<流量统计>:finish sys_visit success#总耗时：0.297秒#


*********************************2014-11-17***********************************
【2014-11-17 09:06:27】-<过期红包>:finish bonus_overdue success#总耗时：0.109秒#


*********************************2014-11-17***********************************
【2014-11-17 09:06:45】-<资金统计>:finish sys_account success#总耗时：17.734秒#
【2014-11-17 09:07:12】-<还款>:no deal need repay or finish repay more time today#总耗时：0.031秒#
【2014-11-17 09:07:12】-<流量统计>:finish sys_visit success#总耗时：0.297秒#
【2014-11-17 09:07:12】-<过期红包>:no bonus need to be overdue or finish bonus_overdue more time today#总耗时：0.031秒#
【2014-11-17 09:07:12】-<资金统计>:finish sys_account more time today#总耗时：0.031秒#
【2014-11-17 09:14:05】-<还款>:no deal need repay or finish repay more time today#总耗时：0.047秒#
【2014-11-17 09:14:05】-<流量统计>:finish sys_visit more time today#总耗时：0.031秒#
【2014-11-17 09:14:05】-<过期红包>:no bonus need to be overdue or finish bonus_overdue more time today#总耗时：0.031秒#
【2014-11-17 09:14:05】-<资金统计>:finish sys_account more time today#总耗时：0.015秒#
【2014-11-17 09:39:18】-<还款>:no deal need repay or finish repay more time today#总耗时：0.047秒#
【2014-11-17 09:39:18】-<流量统计>:finish sys_visit more time today#总耗时：0.031秒#
【2014-11-17 09:39:18】-<过期红包>:no bonus need to be overdue or finish bonus_overdue more time today#总耗时：0.016秒#
【2014-11-17 09:39:18】-<资金统计>:finish sys_account more time today#总耗时：0.031秒#
【2014-11-17 09:40:32】-<还款>:no deal need repay or finish repay more time today#总耗时：0.016秒#
【2014-11-17 09:40:32】-<流量统计>:finish sys_visit more time today#总耗时：0.016秒#
【2014-11-17 09:40:32】-<过期红包>:no bonus need to be overdue or finish bonus_overdue more time today#总耗时：0.016秒#
【2014-11-17 09:40:32】-<资金统计>:finish sys_account more time today#总耗时：0.031秒#
【2014-11-17 09:41:22】-<还款>:no deal need repay or finish repay more time today#总耗时：0.047秒#
【2014-11-17 09:41:22】-<流量统计>:finish sys_visit more time today#总耗时：0.047秒#
【2014-11-17 09:41:22】-<过期红包>:no bonus need to be overdue or finish bonus_overdue more time today#总耗时：0.047秒#
【2014-11-17 09:41:22】-<资金统计>:finish sys_account more time today#总耗时：0.047秒#
【2014-11-17 09:43:53】-<还款>:no deal need repay or finish repay more time today#总耗时：0.031秒#
【2014-11-17 09:43:54】-<流量统计>:finish sys_visit more time today#总耗时：0.375秒#
【2014-11-17 09:43:54】-<过期红包>:no bonus need to be overdue or finish bonus_overdue more time today#总耗时：0.234秒#
【2014-11-17 09:43:54】-<资金统计>:finish sys_account more time today#总耗时：0.047秒#
【2014-11-17 10:12:05】-<还款>:no deal need repay or finish repay more time today#总耗时：0.063秒#
【2014-11-17 10:12:05】-<流量统计>:finish sys_visit more time today#总耗时：0.032秒#
【2014-11-17 10:12:05】-<过期红包>:no bonus need to be overdue or finish bonus_overdue more time today#总耗时：0.032秒#
【2014-11-17 10:12:05】-<资金统计>:finish sys_account more time today#总耗时：0.031秒#
